KinderGarden/app/build/intermediates/manifest_merge_blame_file/debug/manifest-merger-blame-debug-report.txt
1<?xml version="1.0" encoding="utf-8"?>
2<manifest xmlns:android="http://schemas.android.com/apk/res/android"
3    package="com.example.kindergarden"
4    android:versionCode="1"
5    android:versionName="1.0" >
6
7    <uses-sdk
8        android:minSdkVersion="28"
9        android:targetSdkVersion="33" />
10
11    <uses-permission android:name="android.permission.ACCESS_NETWORK_STATE" />
11-->[com.firebaseui:firebase-ui-auth:8.0.2] AndroidManifest.xml:10:5-79
11-->[com.firebaseui:firebase-ui-auth:8.0.2] AndroidManifest.xml:10:22-76
12    <uses-permission android:name="android.permission.INTERNET" /> <!-- Used to check if a browser is available before launching phone auth -->
12-->[com.firebaseui:firebase-ui-auth:8.0.2] AndroidManifest.xml:11:5-67
12-->[com.firebaseui:firebase-ui-auth:8.0.2] AndroidManifest.xml:11:22-64
13    <!-- See ui/phone/PhoneNumberVerificationHandler.isBrowserAvailable() -->
14    <queries>
14-->[com.firebaseui:firebase-ui-auth:8.0.2] AndroidManifest.xml:15:5-23:15
15        <intent>
15-->[com.firebaseui:firebase-ui-auth:8.0.2] AndroidManifest.xml:16:9-22:18
16            <action android:name="android.intent.action.VIEW" />
16-->[com.firebaseui:firebase-ui-auth:8.0.2] AndroidManifest.xml:17:13-65
16-->[com.firebaseui:firebase-ui-auth:8.0.2] AndroidManifest.xml:17:21-62
17
18            <category android:name="android.intent.category.BROWSABLE" />
18-->[com.firebaseui:firebase-ui-auth:8.0.2] AndroidManifest.xml:19:13-74
18-->[com.firebaseui:firebase-ui-auth:8.0.2] AndroidManifest.xml:19:23-71
19
20            <data android:scheme="http" />
20-->[com.firebaseui:firebase-ui-auth:8.0.2] AndroidManifest.xml:21:13-43
20-->[com.firebaseui:firebase-ui-auth:8.0.2] AndroidManifest.xml:21:19-40
21        </intent>
22    </queries>
23
24    <application
24-->src\main\AndroidManifest.xml:5:5-25:19
25        android:allowBackup="true"
25-->src\main\AndroidManifest.xml:6:9-35
26        android:appComponentFactory="androidx.core.app.CoreComponentFactory"
26-->[androidx.core:core:1.8.0] AndroidManifest.xml:24:18-86
27        android:dataExtractionRules="@xml/data_extraction_rules"
27-->src\main\AndroidManifest.xml:7:9-65
28        android:debuggable="true"
29        android:extractNativeLibs="false"
30        android:fullBackupContent="@xml/backup_rules"
30-->src\main\AndroidManifest.xml:8:9-54
31        android:icon="@mipmap/ic_launcher"
31-->src\main\AndroidManifest.xml:9:9-43
32        android:label="@string/app_name"
32-->src\main\AndroidManifest.xml:10:9-41
33        android:roundIcon="@mipmap/ic_launcher_round"
33-->src\main\AndroidManifest.xml:11:9-54
34        android:supportsRtl="true"
34-->src\main\AndroidManifest.xml:12:9-35
35        android:theme="@style/Theme.KinderGarden" >
35-->src\main\AndroidManifest.xml:13:9-50
36        <activity
36-->src\main\AndroidManifest.xml:15:9-24:20
37            android:name="com.example.kindergarden.MainActivity"
37-->src\main\AndroidManifest.xml:16:13-41
38            android:exported="true"
38-->src\main\AndroidManifest.xml:17:13-36
39            android:label="@string/app_name" >
39-->src\main\AndroidManifest.xml:18:13-45
40            <intent-filter>
40-->src\main\AndroidManifest.xml:19:13-23:29
41                <action android:name="android.intent.action.MAIN" />
41-->src\main\AndroidManifest.xml:20:17-69
41-->src\main\AndroidManifest.xml:20:25-66
42
43                <category android:name="android.intent.category.LAUNCHER" />
43-->src\main\AndroidManifest.xml:22:17-77
43-->src\main\AndroidManifest.xml:22:27-74
44            </intent-filter>
45        </activity>
46
47        <meta-data
47-->[com.firebaseui:firebase-ui-auth:8.0.2] AndroidManifest.xml:26:9-28:69
48            android:name="com.google.android.gms.version"
48-->[com.firebaseui:firebase-ui-auth:8.0.2] AndroidManifest.xml:27:13-58
49            android:value="@integer/google_play_services_version" />
49-->[com.firebaseui:firebase-ui-auth:8.0.2] AndroidManifest.xml:28:13-66
50        <meta-data
50-->[com.firebaseui:firebase-ui-auth:8.0.2] AndroidManifest.xml:29:9-31:63
51            android:name="com.facebook.sdk.ApplicationId"
51-->[com.firebaseui:firebase-ui-auth:8.0.2] AndroidManifest.xml:30:13-58
52            android:value="@string/facebook_application_id" />
52-->[com.firebaseui:firebase-ui-auth:8.0.2] AndroidManifest.xml:31:13-60
53
54        <activity
54-->[com.firebaseui:firebase-ui-auth:8.0.2] AndroidManifest.xml:33:9-37:61
55            android:name="com.firebase.ui.auth.KickoffActivity"
55-->[com.firebaseui:firebase-ui-auth:8.0.2] AndroidManifest.xml:34:13-64
56            android:exported="false"
56-->[com.firebaseui:firebase-ui-auth:8.0.2] AndroidManifest.xml:35:13-37
57            android:label=""
57-->[com.firebaseui:firebase-ui-auth:8.0.2] AndroidManifest.xml:36:13-29
58            android:theme="@style/FirebaseUI.Transparent" />
58-->[com.firebaseui:firebase-ui-auth:8.0.2] AndroidManifest.xml:37:13-58
59        <activity
59-->[com.firebaseui:firebase-ui-auth:8.0.2] AndroidManifest.xml:38:9-42:61
60            android:name="com.firebase.ui.auth.ui.idp.SingleSignInActivity"
60-->[com.firebaseui:firebase-ui-auth:8.0.2] AndroidManifest.xml:39:13-76
61            android:exported="false"
61-->[com.firebaseui:firebase-ui-auth:8.0.2] AndroidManifest.xml:40:13-37
62            android:label=""
62-->[com.firebaseui:firebase-ui-auth:8.0.2] AndroidManifest.xml:41:13-29
63            android:theme="@style/FirebaseUI.Transparent" />
63-->[com.firebaseui:firebase-ui-auth:8.0.2] AndroidManifest.xml:42:13-58
64        <activity
64-->[com.firebaseui:firebase-ui-auth:8.0.2] AndroidManifest.xml:43:9-47:61
65            android:name="com.firebase.ui.auth.ui.credentials.CredentialSaveActivity"
65-->[com.firebaseui:firebase-ui-auth:8.0.2] AndroidManifest.xml:44:13-86
66            android:exported="false"
66-->[com.firebaseui:firebase-ui-auth:8.0.2] AndroidManifest.xml:45:13-37
67            android:label=""
67-->[com.firebaseui:firebase-ui-auth:8.0.2] AndroidManifest.xml:46:13-29
68            android:theme="@style/FirebaseUI.Transparent" />
68-->[com.firebaseui:firebase-ui-auth:8.0.2] AndroidManifest.xml:47:13-58
69        <activity
69-->[com.firebaseui:firebase-ui-auth:8.0.2] AndroidManifest.xml:48:9-52:58
70            android:name="com.firebase.ui.auth.ui.email.RecoverPasswordActivity"
70-->[com.firebaseui:firebase-ui-auth:8.0.2] AndroidManifest.xml:49:13-81
71            android:exported="false"
71-->[com.firebaseui:firebase-ui-auth:8.0.2] AndroidManifest.xml:50:13-37
72            android:label="@string/fui_title_recover_password_activity"
72-->[com.firebaseui:firebase-ui-auth:8.0.2] AndroidManifest.xml:51:13-72
73            android:windowSoftInputMode="adjustResize" />
73-->[com.firebaseui:firebase-ui-auth:8.0.2] AndroidManifest.xml:52:13-55
74        <activity
74-->[com.firebaseui:firebase-ui-auth:8.0.2] AndroidManifest.xml:53:9-57:58
75            android:name="com.firebase.ui.auth.ui.email.EmailActivity"
75-->[com.firebaseui:firebase-ui-auth:8.0.2] AndroidManifest.xml:54:13-71
76            android:exported="false"
76-->[com.firebaseui:firebase-ui-auth:8.0.2] AndroidManifest.xml:55:13-37
77            android:label="@string/fui_sign_in_default"
77-->[com.firebaseui:firebase-ui-auth:8.0.2] AndroidManifest.xml:56:13-56
78            android:windowSoftInputMode="adjustResize" />
78-->[com.firebaseui:firebase-ui-auth:8.0.2] AndroidManifest.xml:57:13-55
79        <activity
79-->[com.firebaseui:firebase-ui-auth:8.0.2] AndroidManifest.xml:58:9-62:77
80            android:name="com.firebase.ui.auth.ui.phone.PhoneActivity"
80-->[com.firebaseui:firebase-ui-auth:8.0.2] AndroidManifest.xml:59:13-71
81            android:exported="false"
81-->[com.firebaseui:firebase-ui-auth:8.0.2] AndroidManifest.xml:60:13-37
82            android:label="@string/fui_sign_in_with_phone_number"
82-->[com.firebaseui:firebase-ui-auth:8.0.2] AndroidManifest.xml:61:13-66
83            android:windowSoftInputMode="adjustResize|stateAlwaysVisible" />
83-->[com.firebaseui:firebase-ui-auth:8.0.2] AndroidManifest.xml:62:13-74
84        <activity
84-->[com.firebaseui:firebase-ui-auth:8.0.2] AndroidManifest.xml:63:9-67:58
85            android:name="com.firebase.ui.auth.ui.idp.WelcomeBackIdpPrompt"
85-->[com.firebaseui:firebase-ui-auth:8.0.2] AndroidManifest.xml:64:13-76
86            android:exported="false"
86-->[com.firebaseui:firebase-ui-auth:8.0.2] AndroidManifest.xml:65:13-37
87            android:label="@string/fui_title_welcome_back_idp_prompt"
87-->[com.firebaseui:firebase-ui-auth:8.0.2] AndroidManifest.xml:66:13-70
88            android:windowSoftInputMode="adjustResize" />
88-->[com.firebaseui:firebase-ui-auth:8.0.2] AndroidManifest.xml:67:13-55
89        <activity
89-->[com.firebaseui:firebase-ui-auth:8.0.2] AndroidManifest.xml:68:9-72:58
90            android:name="com.firebase.ui.auth.ui.email.WelcomeBackPasswordPrompt"
90-->[com.firebaseui:firebase-ui-auth:8.0.2] AndroidManifest.xml:69:13-83
91            android:exported="false"
91-->[com.firebaseui:firebase-ui-auth:8.0.2] AndroidManifest.xml:70:13-37
92            android:label="@string/fui_title_welcome_back_password_prompt"
92-->[com.firebaseui:firebase-ui-auth:8.0.2] AndroidManifest.xml:71:13-75
93            android:windowSoftInputMode="adjustResize" />
93-->[com.firebaseui:firebase-ui-auth:8.0.2] AndroidManifest.xml:72:13-55
94        <activity
94-->[com.firebaseui:firebase-ui-auth:8.0.2] AndroidManifest.xml:73:9-77:58
95            android:name="com.firebase.ui.auth.ui.email.WelcomeBackEmailLinkPrompt"
95-->[com.firebaseui:firebase-ui-auth:8.0.2] AndroidManifest.xml:74:13-84
96            android:exported="false"
96-->[com.firebaseui:firebase-ui-auth:8.0.2] AndroidManifest.xml:75:13-37
97            android:label="@string/fui_title_welcome_back_password_prompt"
97-->[com.firebaseui:firebase-ui-auth:8.0.2] AndroidManifest.xml:76:13-75
98            android:windowSoftInputMode="adjustResize" />
98-->[com.firebaseui:firebase-ui-auth:8.0.2] AndroidManifest.xml:77:13-55
99        <activity
99-->[com.firebaseui:firebase-ui-auth:8.0.2] AndroidManifest.xml:78:9-83:58
100            android:name="com.firebase.ui.auth.ui.email.EmailLinkCatcherActivity"
100-->[com.firebaseui:firebase-ui-auth:8.0.2] AndroidManifest.xml:79:13-82
101            android:exported="false"
101-->[com.firebaseui:firebase-ui-auth:8.0.2] AndroidManifest.xml:80:13-37
102            android:label=""
102-->[com.firebaseui:firebase-ui-auth:8.0.2] AndroidManifest.xml:81:13-29
103            android:theme="@style/FirebaseUI.Transparent"
103-->[com.firebaseui:firebase-ui-auth:8.0.2] AndroidManifest.xml:82:13-58
104            android:windowSoftInputMode="adjustResize" />
104-->[com.firebaseui:firebase-ui-auth:8.0.2] AndroidManifest.xml:83:13-55
105        <activity
105-->[com.firebaseui:firebase-ui-auth:8.0.2] AndroidManifest.xml:84:9-88:58
106            android:name="com.firebase.ui.auth.ui.email.EmailLinkErrorRecoveryActivity"
106-->[com.firebaseui:firebase-ui-auth:8.0.2] AndroidManifest.xml:85:13-88
107            android:exported="false"
107-->[com.firebaseui:firebase-ui-auth:8.0.2] AndroidManifest.xml:86:13-37
108            android:label="@string/fui_sign_in_default"
108-->[com.firebaseui:firebase-ui-auth:8.0.2] AndroidManifest.xml:87:13-56
109            android:windowSoftInputMode="adjustResize" />
109-->[com.firebaseui:firebase-ui-auth:8.0.2] AndroidManifest.xml:88:13-55
110        <activity
110-->[com.firebaseui:firebase-ui-auth:8.0.2] AndroidManifest.xml:89:9-92:65
111            android:name="com.firebase.ui.auth.ui.idp.AuthMethodPickerActivity"
111-->[com.firebaseui:firebase-ui-auth:8.0.2] AndroidManifest.xml:90:13-80
112            android:exported="false"
112-->[com.firebaseui:firebase-ui-auth:8.0.2] AndroidManifest.xml:91:13-37
113            android:label="@string/fui_default_toolbar_title" />
113-->[com.firebaseui:firebase-ui-auth:8.0.2] AndroidManifest.xml:92:13-62
114        <activity
114-->[com.firebaseui:firebase-ui-auth:8.0.2] AndroidManifest.xml:93:9-97:48
115            android:name="com.facebook.FacebookActivity"
115-->[com.firebaseui:firebase-ui-auth:8.0.2] AndroidManifest.xml:94:13-57
116            android:configChanges="keyboard|keyboardHidden|screenLayout|screenSize|orientation"
116-->[com.firebaseui:firebase-ui-auth:8.0.2] AndroidManifest.xml:95:13-96
117            android:label="@string/app_name" />
117-->[com.firebaseui:firebase-ui-auth:8.0.2] AndroidManifest.xml:96:13-45
118        <activity
118-->[com.firebaseui:firebase-ui-auth:8.0.2] AndroidManifest.xml:98:9-110:20
119            android:name="com.facebook.CustomTabActivity"
119-->[com.firebaseui:firebase-ui-auth:8.0.2] AndroidManifest.xml:99:13-58
120            android:exported="true" >
120-->[com.firebaseui:firebase-ui-auth:8.0.2] AndroidManifest.xml:100:13-36
121            <intent-filter>
121-->[com.firebaseui:firebase-ui-auth:8.0.2] AndroidManifest.xml:102:13-109:29
122                <action android:name="android.intent.action.VIEW" />
122-->[com.firebaseui:firebase-ui-auth:8.0.2] AndroidManifest.xml:17:13-65
122-->[com.firebaseui:firebase-ui-auth:8.0.2] AndroidManifest.xml:17:21-62
123
124                <category android:name="android.intent.category.DEFAULT" />
124-->[com.firebaseui:firebase-ui-auth:8.0.2] AndroidManifest.xml:105:17-76
124-->[com.firebaseui:firebase-ui-auth:8.0.2] AndroidManifest.xml:105:27-73
125                <category android:name="android.intent.category.BROWSABLE" />
125-->[com.firebaseui:firebase-ui-auth:8.0.2] AndroidManifest.xml:19:13-74
125-->[com.firebaseui:firebase-ui-auth:8.0.2] AndroidManifest.xml:19:23-71
126
127                <data android:scheme="@string/facebook_login_protocol_scheme" />
127-->[com.firebaseui:firebase-ui-auth:8.0.2] AndroidManifest.xml:21:13-43
127-->[com.firebaseui:firebase-ui-auth:8.0.2] AndroidManifest.xml:21:19-40
128            </intent-filter>
129        </activity>
130
131        <provider
131-->[com.firebaseui:firebase-ui-auth:8.0.2] AndroidManifest.xml:112:9-116:38
132            android:name="com.firebase.ui.auth.data.client.AuthUiInitProvider"
132-->[com.firebaseui:firebase-ui-auth:8.0.2] AndroidManifest.xml:113:13-79
133            android:authorities="com.example.kindergarden.authuiinitprovider"
133-->[com.firebaseui:firebase-ui-auth:8.0.2] AndroidManifest.xml:114:13-70
134            android:exported="false"
134-->[com.firebaseui:firebase-ui-auth:8.0.2] AndroidManifest.xml:115:13-37
135            android:initOrder="90" />
135-->[com.firebaseui:firebase-ui-auth:8.0.2] AndroidManifest.xml:116:13-35
136
137        <activity
137-->[com.google.firebase:firebase-auth:22.3.0] AndroidManifest.xml:29:9-46:20
138            android:name="com.google.firebase.auth.internal.GenericIdpActivity"
138-->[com.google.firebase:firebase-auth:22.3.0] AndroidManifest.xml:30:13-80
139            android:excludeFromRecents="true"
139-->[com.google.firebase:firebase-auth:22.3.0] AndroidManifest.xml:31:13-46
140            android:exported="true"
140-->[com.google.firebase:firebase-auth:22.3.0] AndroidManifest.xml:32:13-36
141            android:launchMode="singleTask"
141-->[com.google.firebase:firebase-auth:22.3.0] AndroidManifest.xml:33:13-44
142            android:theme="@android:style/Theme.Translucent.NoTitleBar" >
142-->[com.google.firebase:firebase-auth:22.3.0] AndroidManifest.xml:34:13-72
143            <intent-filter>
143-->[com.google.firebase:firebase-auth:22.3.0] AndroidManifest.xml:35:13-45:29
144                <action android:name="android.intent.action.VIEW" />
144-->[com.firebaseui:firebase-ui-auth:8.0.2] AndroidManifest.xml:17:13-65
144-->[com.firebaseui:firebase-ui-auth:8.0.2] AndroidManifest.xml:17:21-62
145
146                <category android:name="android.intent.category.DEFAULT" />
146-->[com.firebaseui:firebase-ui-auth:8.0.2] AndroidManifest.xml:105:17-76
146-->[com.firebaseui:firebase-ui-auth:8.0.2] AndroidManifest.xml:105:27-73
147                <category android:name="android.intent.category.BROWSABLE" />
147-->[com.firebaseui:firebase-ui-auth:8.0.2] AndroidManifest.xml:19:13-74
147-->[com.firebaseui:firebase-ui-auth:8.0.2] AndroidManifest.xml:19:23-71
148
149                <data
149-->[com.firebaseui:firebase-ui-auth:8.0.2] AndroidManifest.xml:21:13-43
150                    android:host="firebase.auth"
151                    android:path="/"
152                    android:scheme="genericidp" />
152-->[com.firebaseui:firebase-ui-auth:8.0.2] AndroidManifest.xml:21:19-40
153            </intent-filter>
154        </activity>
155        <activity
155-->[com.google.firebase:firebase-auth:22.3.0] AndroidManifest.xml:47:9-64:20
156            android:name="com.google.firebase.auth.internal.RecaptchaActivity"
156-->[com.google.firebase:firebase-auth:22.3.0] AndroidManifest.xml:48:13-79
157            android:excludeFromRecents="true"
157-->[com.google.firebase:firebase-auth:22.3.0] AndroidManifest.xml:49:13-46
158            android:exported="true"
158-->[com.google.firebase:firebase-auth:22.3.0] AndroidManifest.xml:50:13-36
159            android:launchMode="singleTask"
159-->[com.google.firebase:firebase-auth:22.3.0] AndroidManifest.xml:51:13-44
160            android:theme="@android:style/Theme.Translucent.NoTitleBar" >
160-->[com.google.firebase:firebase-auth:22.3.0] AndroidManifest.xml:52:13-72
161            <intent-filter>
161-->[com.google.firebase:firebase-auth:22.3.0] AndroidManifest.xml:53:13-63:29
162                <action android:name="android.intent.action.VIEW" />
162-->[com.firebaseui:firebase-ui-auth:8.0.2] AndroidManifest.xml:17:13-65
162-->[com.firebaseui:firebase-ui-auth:8.0.2] AndroidManifest.xml:17:21-62
163
164                <category android:name="android.intent.category.DEFAULT" />
164-->[com.firebaseui:firebase-ui-auth:8.0.2] AndroidManifest.xml:105:17-76
164-->[com.firebaseui:firebase-ui-auth:8.0.2] AndroidManifest.xml:105:27-73
165                <category android:name="android.intent.category.BROWSABLE" />
165-->[com.firebaseui:firebase-ui-auth:8.0.2] AndroidManifest.xml:19:13-74
165-->[com.firebaseui:firebase-ui-auth:8.0.2] AndroidManifest.xml:19:23-71
166
167                <data
167-->[com.firebaseui:firebase-ui-auth:8.0.2] AndroidManifest.xml:21:13-43
168                    android:host="firebase.auth"
169                    android:path="/"
170                    android:scheme="recaptcha" />
170-->[com.firebaseui:firebase-ui-auth:8.0.2] AndroidManifest.xml:21:19-40
171            </intent-filter>
172        </activity>
173
174        <service
174-->[com.google.firebase:firebase-auth:22.3.0] AndroidManifest.xml:66:9-72:19
175            android:name="com.google.firebase.components.ComponentDiscoveryService"
175-->[com.google.firebase:firebase-auth:22.3.0] AndroidManifest.xml:67:13-84
176            android:directBootAware="true"
176-->[com.google.firebase:firebase-common:20.4.2] AndroidManifest.xml:32:13-43
177            android:exported="false" >
177-->[com.google.firebase:firebase-auth:22.3.0] AndroidManifest.xml:68:13-37
178            <meta-data
178-->[com.google.firebase:firebase-auth:22.3.0] AndroidManifest.xml:69:13-71:85
179                android:name="com.google.firebase.components:com.google.firebase.auth.FirebaseAuthRegistrar"
179-->[com.google.firebase:firebase-auth:22.3.0] AndroidManifest.xml:70:17-109
180                android:value="com.google.firebase.components.ComponentRegistrar" />
180-->[com.google.firebase:firebase-auth:22.3.0] AndroidManifest.xml:71:17-82
181            <meta-data
181-->[com.google.firebase:firebase-database:20.3.0] AndroidManifest.xml:29:13-31:85
182                android:name="com.google.firebase.components:com.google.firebase.database.FirebaseDatabaseKtxRegistrar"
182-->[com.google.firebase:firebase-database:20.3.0] AndroidManifest.xml:30:17-120
183                android:value="com.google.firebase.components.ComponentRegistrar" />
183-->[com.google.firebase:firebase-database:20.3.0] AndroidManifest.xml:31:17-82
184            <meta-data
184-->[com.google.firebase:firebase-database:20.3.0] AndroidManifest.xml:32:13-34:85
185                android:name="com.google.firebase.components:com.google.firebase.database.DatabaseRegistrar"
185-->[com.google.firebase:firebase-database:20.3.0] AndroidManifest.xml:33:17-109
186                android:value="com.google.firebase.components.ComponentRegistrar" />
186-->[com.google.firebase:firebase-database:20.3.0] AndroidManifest.xml:34:17-82
187            <meta-data
187-->[com.google.firebase:firebase-storage:20.3.0] AndroidManifest.xml:30:13-32:85
188                android:name="com.google.firebase.components:com.google.firebase.storage.FirebaseStorageKtxRegistrar"
188-->[com.google.firebase:firebase-storage:20.3.0] AndroidManifest.xml:31:17-118
189                android:value="com.google.firebase.components.ComponentRegistrar" />
189-->[com.google.firebase:firebase-storage:20.3.0] AndroidManifest.xml:32:17-82
190            <meta-data
190-->[com.google.firebase:firebase-storage:20.3.0] AndroidManifest.xml:33:13-35:85
191                android:name="com.google.firebase.components:com.google.firebase.storage.StorageRegistrar"
191-->[com.google.firebase:firebase-storage:20.3.0] AndroidManifest.xml:34:17-107
192                android:value="com.google.firebase.components.ComponentRegistrar" />
192-->[com.google.firebase:firebase-storage:20.3.0] AndroidManifest.xml:35:17-82
193            <meta-data
193-->[com.google.firebase:firebase-appcheck:17.1.1] AndroidManifest.xml:25:13-27:85
194                android:name="com.google.firebase.components:com.google.firebase.appcheck.FirebaseAppCheckKtxRegistrar"
194-->[com.google.firebase:firebase-appcheck:17.1.1] AndroidManifest.xml:26:17-120
195                android:value="com.google.firebase.components.ComponentRegistrar" />
195-->[com.google.firebase:firebase-appcheck:17.1.1] AndroidManifest.xml:27:17-82
196            <meta-data
196-->[com.google.firebase:firebase-appcheck:17.1.1] AndroidManifest.xml:28:13-30:85
197                android:name="com.google.firebase.components:com.google.firebase.appcheck.FirebaseAppCheckRegistrar"
197-->[com.google.firebase:firebase-appcheck:17.1.1] AndroidManifest.xml:29:17-117
198                android:value="com.google.firebase.components.ComponentRegistrar" />
198-->[com.google.firebase:firebase-appcheck:17.1.1] AndroidManifest.xml:30:17-82
199            <meta-data
199-->[com.google.firebase:firebase-firestore:24.9.1] AndroidManifest.xml:17:13-19:85
200                android:name="com.google.firebase.components:com.google.firebase.firestore.FirebaseFirestoreKtxRegistrar"
200-->[com.google.firebase:firebase-firestore:24.9.1] AndroidManifest.xml:18:17-122
201                android:value="com.google.firebase.components.ComponentRegistrar" />
201-->[com.google.firebase:firebase-firestore:24.9.1] AndroidManifest.xml:19:17-82
202            <meta-data
202-->[com.google.firebase:firebase-firestore:24.9.1] AndroidManifest.xml:20:13-22:85
203                android:name="com.google.firebase.components:com.google.firebase.firestore.FirestoreRegistrar"
203-->[com.google.firebase:firebase-firestore:24.9.1] AndroidManifest.xml:21:17-111
204                android:value="com.google.firebase.components.ComponentRegistrar" />
204-->[com.google.firebase:firebase-firestore:24.9.1] AndroidManifest.xml:22:17-82
205            <meta-data
205-->[com.google.firebase:firebase-common-ktx:20.4.2] AndroidManifest.xml:12:13-14:85
206                android:name="com.google.firebase.components:com.google.firebase.ktx.FirebaseCommonLegacyRegistrar"
206-->[com.google.firebase:firebase-common-ktx:20.4.2] AndroidManifest.xml:13:17-116
207                android:value="com.google.firebase.components.ComponentRegistrar" />
207-->[com.google.firebase:firebase-common-ktx:20.4.2] AndroidManifest.xml:14:17-82
208            <meta-data
208-->[com.google.firebase:firebase-common:20.4.2] AndroidManifest.xml:35:13-37:85
209                android:name="com.google.firebase.components:com.google.firebase.FirebaseCommonKtxRegistrar"
209-->[com.google.firebase:firebase-common:20.4.2] AndroidManifest.xml:36:17-109
210                android:value="com.google.firebase.components.ComponentRegistrar" />
210-->[com.google.firebase:firebase-common:20.4.2] AndroidManifest.xml:37:17-82
211        </service>
212
213        <provider
213-->[com.google.firebase:firebase-common:20.4.2] AndroidManifest.xml:23:9-28:39
214            android:name="com.google.firebase.provider.FirebaseInitProvider"
214-->[com.google.firebase:firebase-common:20.4.2] AndroidManifest.xml:24:13-77
215            android:authorities="com.example.kindergarden.firebaseinitprovider"
215-->[com.google.firebase:firebase-common:20.4.2] AndroidManifest.xml:25:13-72
216            android:directBootAware="true"
216-->[com.google.firebase:firebase-common:20.4.2] AndroidManifest.xml:26:13-43
217            android:exported="false"
217-->[com.google.firebase:firebase-common:20.4.2] AndroidManifest.xml:27:13-37
218            android:initOrder="100" />
218-->[com.google.firebase:firebase-common:20.4.2] AndroidManifest.xml:28:13-36
219
220        <activity
220-->[com.google.android.gms:play-services-auth:20.3.0] AndroidManifest.xml:23:9-27:75
221            android:name="com.google.android.gms.auth.api.signin.internal.SignInHubActivity"
221-->[com.google.android.gms:play-services-auth:20.3.0] AndroidManifest.xml:24:13-93
222            android:excludeFromRecents="true"
222-->[com.google.android.gms:play-services-auth:20.3.0] AndroidManifest.xml:25:13-46
223            android:exported="false"
223-->[com.google.android.gms:play-services-auth:20.3.0] AndroidManifest.xml:26:13-37
224            android:theme="@android:style/Theme.Translucent.NoTitleBar" />
224-->[com.google.android.gms:play-services-auth:20.3.0] AndroidManifest.xml:27:13-72
225        <!--
226            Service handling Google Sign-In user revocation. For apps that do not integrate with
227            Google Sign-In, this service will never be started.
228        -->
229        <service
229-->[com.google.android.gms:play-services-auth:20.3.0] AndroidManifest.xml:33:9-37:51
230            android:name="com.google.android.gms.auth.api.signin.RevocationBoundService"
230-->[com.google.android.gms:play-services-auth:20.3.0] AndroidManifest.xml:34:13-89
231            android:exported="true"
231-->[com.google.android.gms:play-services-auth:20.3.0] AndroidManifest.xml:35:13-36
232            android:permission="com.google.android.gms.auth.api.signin.permission.REVOCATION_NOTIFICATION"
232-->[com.google.android.gms:play-services-auth:20.3.0] AndroidManifest.xml:36:13-107
233            android:visibleToInstantApps="true" />
233-->[com.google.android.gms:play-services-auth:20.3.0] AndroidManifest.xml:37:13-48
234
235        <activity
235-->[com.google.android.gms:play-services-base:18.1.0] AndroidManifest.xml:20:9-22:45
236            android:name="com.google.android.gms.common.api.GoogleApiActivity"
236-->[com.google.android.gms:play-services-base:18.1.0] AndroidManifest.xml:20:19-85
237            android:exported="false"
237-->[com.google.android.gms:play-services-base:18.1.0] AndroidManifest.xml:22:19-43
238            android:theme="@android:style/Theme.Translucent.NoTitleBar" />
238-->[com.google.android.gms:play-services-base:18.1.0] AndroidManifest.xml:21:19-78
239
240        <uses-library
240-->[androidx.window:window:1.0.0] AndroidManifest.xml:25:9-27:40
241            android:name="androidx.window.extensions"
241-->[androidx.window:window:1.0.0] AndroidManifest.xml:26:13-54
242            android:required="false" />
242-->[androidx.window:window:1.0.0] AndroidManifest.xml:27:13-37
243        <uses-library
243-->[androidx.window:window:1.0.0] AndroidManifest.xml:28:9-30:40
244            android:name="androidx.window.sidecar"
244-->[androidx.window:window:1.0.0] AndroidManifest.xml:29:13-51
245            android:required="false" />
245-->[androidx.window:window:1.0.0] AndroidManifest.xml:30:13-37
246
247        <provider
247-->[androidx.emoji2:emoji2:1.2.0] AndroidManifest.xml:24:9-32:20
248            android:name="androidx.startup.InitializationProvider"
248-->[androidx.emoji2:emoji2:1.2.0] AndroidManifest.xml:25:13-67
249            android:authorities="com.example.kindergarden.androidx-startup"
249-->[androidx.emoji2:emoji2:1.2.0] AndroidManifest.xml:26:13-68
250            android:exported="false" >
250-->[androidx.emoji2:emoji2:1.2.0] AndroidManifest.xml:27:13-37
251            <meta-data
251-->[androidx.emoji2:emoji2:1.2.0] AndroidManifest.xml:29:13-31:52
252                android:name="androidx.emoji2.text.EmojiCompatInitializer"
252-->[androidx.emoji2:emoji2:1.2.0] AndroidManifest.xml:30:17-75
253                android:value="androidx.startup" />
253-->[androidx.emoji2:emoji2:1.2.0] AndroidManifest.xml:31:17-49
254            <meta-data
254-->[androidx.lifecycle:lifecycle-process:2.4.1] AndroidManifest.xml:31:13-33:52
255                android:name="androidx.lifecycle.ProcessLifecycleInitializer"
255-->[androidx.lifecycle:lifecycle-process:2.4.1] AndroidManifest.xml:32:17-78
256                android:value="androidx.startup" />
256-->[androidx.lifecycle:lifecycle-process:2.4.1] AndroidManifest.xml:33:17-49
257        </provider>
258    </application>
259
260</manifest>